d:\labs\2sem\8\debug\vc142.pdb
d:\labs\2sem\8\debug\vc142.idb
d:\labs\2sem\8\debug\train.obj
d:\labs\2sem\8\debug\8.obj
d:\labs\2sem\8\debug\8.pdb
d:\labs\2sem\8\debug\8.tlog\cl.command.1.tlog
d:\labs\2sem\8\debug\8.tlog\cl.read.1.tlog
d:\labs\2sem\8\debug\8.tlog\cl.write.1.tlog
d:\labs\2sem\8\debug\8.tlog\link-cvtres.read.1.tlog
d:\labs\2sem\8\debug\8.tlog\link-cvtres.write.1.tlog
d:\labs\2sem\8\debug\8.tlog\link-rc.read.1.tlog
d:\labs\2sem\8\debug\8.tlog\link-rc.write.1.tlog
d:\labs\2sem\8\debug\8.tlog\link.16796-cvtres.read.1.tlog
d:\labs\2sem\8\debug\8.tlog\link.16796-cvtres.write.1.tlog
d:\labs\2sem\8\debug\8.tlog\link.16796-rc.read.1.tlog
d:\labs\2sem\8\debug\8.tlog\link.16796-rc.write.1.tlog
d:\labs\2sem\8\debug\8.tlog\link.16796.read.1.tlog
d:\labs\2sem\8\debug\8.tlog\link.16796.write.1.tlog
d:\labs\2sem\8\debug\8.tlog\link.command.1.tlog
d:\labs\2sem\8\debug\8.tlog\link.read.1.tlog
d:\labs\2sem\8\debug\8.tlog\link.write.1.tlog
